<?xml version="1.0"?>
<!DOCTYPE coverage SYSTEM "http://cobertura.sourceforge.net/xml/coverage-04.dtd">

<coverage line-rate="0.6648834543370271" branch-rate="0.6628571428571428" lines-covered="1740" lines-valid="2617" branches-covered="696" branches-valid="1050" complexity="2.553763440860215" version="2.1.1" timestamp="1475679270128">
	<sources>
		<source>/Users/ervinacergani/Documents/EpisodeMining/kave-java/cc.kave.episodes/src/main/java</source>
		<source>--source</source>
	</sources>
	<packages>
		<package name="cc.kave.episodes.analyzer" line-rate="0.45555555555555555" branch-rate="0.38" complexity="2.1904761904761907">
			<classes>
				<class name="cc.kave.episodes.analyzer.QueriesGraphGenerator" filename="cc/kave/episodes/analyzer/QueriesGraphGenerator.java" line-rate="0.0" branch-rate="0.0" complexity="2.4">
					<methods>
						<method name="&lt;init&gt;" signature="(Ljava/io/File;Lcc/kave/episodes/mining/reader/ValidationContextsParser;Lcc/kave/episodes/mining/reader/MappingParser;Lcc/kave/episodes/mining/graphs/TransitivelyClosedEpisodes;Lcc/kave/episodes/mining/graphs/EpisodeAsGraphWriter;Lcc/kave/episodes/mining/graphs/EpisodeToGraphConverter;Lcc/kave/episodes/evaluation/queries/QueryStrategy;)V" line-rate="0.0" branch-rate="1.0" complexity="0">
							<lines>
								<line number="57" hits="0" branch="false"/>
								<line number="59" hits="0" branch="false"/>
								<line number="60" hits="0" branch="false"/>
								<line number="62" hits="0" branch="false"/>
								<line number="63" hits="0" branch="false"/>
								<line number="64" hits="0" branch="false"/>
								<line number="65" hits="0" branch="false"/>
								<line number="66" hits="0" branch="false"/>
								<line number="67" hits="0" branch="false"/>
								<line number="68" hits="0" branch="false"/>
								<line number="69" hits="0" branch="false"/>
							</lines>
						</method>
						<method name="createDirectoryStructure" signature="()Ljava/lang/String;" line-rate="0.0" branch-rate="0.0" complexity="0">
							<lines>
								<line number="121" hits="0" branch="false"/>
								<line number="122" hits="0" branch="true" condition-coverage="0% (0/2)">
									<conditions>
										<condition number="0" type="jump" coverage="0%"/>
									</conditions>
								</line>
								<line number="123" hits="0" branch="false"/>
								<line number="125" hits="0" branch="false"/>
							</lines>
						</method>
						<method name="generateGraphs" signature="(I)V" line-rate="0.0" branch-rate="0.0" complexity="0">
							<lines>
								<line number="73" hits="0" branch="false"/>
								<line number="75" hits="0" branch="false"/>
								<line number="76" hits="0" branch="false"/>
								<line number="78" hits="0" branch="false"/>
								<line number="79" hits="0" branch="false"/>
								<line number="82" hits="0" branch="false"/>
								<line number="84" hits="0" branch="false"/>
								<line number="86" hits="0" branch="true" condition-coverage="0% (0/2)">
									<conditions>
										<condition number="0" type="jump" coverage="0%"/>
									</conditions>
								</line>
								<line number="88" hits="0" branch="true" condition-coverage="0% (0/2)">
									<conditions>
										<condition number="0" type="jump" coverage="0%"/>
									</conditions>
								</line>
								<line number="89" hits="0" branch="false"/>
								<line number="91" hits="0" branch="false"/>
								<line number="93" hits="0" branch="false"/>
								<line number="94" hits="0" branch="false"/>
								<line number="96" hits="0" branch="false"/>
								<line number="97" hits="0" branch="false"/>
								<line number="98" hits="0" branch="false"/>
								<line number="100" hits="0" branch="true" condition-coverage="0% (0/2)">
									<conditions>
										<condition number="0" type="jump" coverage="0%"/>
									</conditions>
								</line>
								<line number="101" hits="0" branch="true" condition-coverage="0% (0/2)">
									<conditions>
										<condition number="0" type="jump" coverage="0%"/>
									</conditions>
								</line>
								<line number="102" hits="0" branch="true" condition-coverage="0% (0/2)">
									<conditions>
										<condition number="0" type="jump" coverage="0%"/>
									</conditions>
								</line>
								<line number="103" hits="0" branch="false"/>
								<line number="104" hits="0" branch="false"/>
								<line number="105" hits="0" branch="false"/>
								<line number="106" hits="0" branch="false"/>
								<line number="107" hits="0" branch="false"/>
								<line number="108" hits="0" branch="false"/>
								<line number="110" hits="0" branch="false"/>
								<line number="112" hits="0" branch="false"/>
								<line number="113" hits="0" branch="false"/>
							</lines>
						</method>
						<method name="getEpisodePath" signature="(Ljava/lang/String;I)Ljava/lang/String;" line-rate="0.0" branch-rate="0.0" complexity="0">
							<lines>
								<line number="129" hits="0" branch="false"/>
								<line number="130" hits="0" branch="true" condition-coverage="0% (0/2)">
									<conditions>
										<condition number="0" type="jump" coverage="0%"/>
									</conditions>
								</line>
								<line number="131" hits="0" branch="false"/>
								<line number="133" hits="0" branch="false"/>
								<line number="135" hits="0" branch="false"/>
							</lines>
						</method>
						<method name="getQueryPath" signature="(Ljava/lang/String;II)Ljava/lang/String;" line-rate="0.0" branch-rate="1.0" complexity="0">
							<lines>
								<line number="116" hits="0" branch="false"/>
								<line number="117" hits="0" branch="false"/>
							</lines>
						</method>
					</methods>
					<lines>
						<line number="57" hits="0" branch="false"/>
						<line number="59" hits="0" branch="false"/>
						<line number="60" hits="0" branch="false"/>
						<line number="62" hits="0" branch="false"/>
						<line number="63" hits="0" branch="false"/>
						<line number="64" hits="0" branch="false"/>
						<line number="65" hits="0" branch="false"/>
						<line number="66" hits="0" branch="false"/>
						<line number="67" hits="0" branch="false"/>
						<line number="68" hits="0" branch="false"/>
						<line number="69" hits="0" branch="false"/>
						<line number="73" hits="0" branch="false"/>
						<line number="75" hits="0" branch="false"/>
						<line number="76" hits="0" branch="false"/>
						<line number="78" hits="0" branch="false"/>
						<line number="79" hits="0" branch="false"/>
						<line number="82" hits="0" branch="false"/>
						<line number="84" hits="0" branch="false"/>
						<line number="86" hits="0" branch="true" condition-coverage="0% (0/2)">
							<conditions>
								<condition number="0" type="jump" coverage="0%"/>
							</conditions>
						</line>
						<line number="88" hits="0" branch="true" condition-coverage="0% (0/2)">
							<conditions>
								<condition number="0" type="jump" coverage="0%"/>
							</conditions>
						</line>
						<line number="89" hits="0" branch="false"/>
						<line number="91" hits="0" branch="false"/>
						<line number="93" hits="0" branch="false"/>
						<line number="94" hits="0" branch="false"/>
						<line number="96" hits="0" branch="false"/>
						<line number="97" hits="0" branch="false"/>
						<line number="98" hits="0" branch="false"/>
						<line number="100" hits="0" branch="true" condition-coverage="0% (0/2)">
							<conditions>
								<condition number="0" type="jump" coverage="0%"/>
							</conditions>
						</line>
						<line number="101" hits="0" branch="true" condition-coverage="0% (0/2)">
							<conditions>
								<condition number="0" type="jump" coverage="0%"/>
							</conditions>
						</line>
						<line number="102" hits="0" branch="true" condition-coverage="0% (0/2)">
							<conditions>
								<condition number="0" type="jump" coverage="0%"/>
							</conditions>
						</line>
						<line number="103" hits="0" branch="false"/>
						<line number="104" hits="0" branch="false"/>
						<line number="105" hits="0" branch="false"/>
						<line number="106" hits="0" branch="false"/>
						<line number="107" hits="0" branch="false"/>
						<line number="108" hits="0" branch="false"/>
						<line number="110" hits="0" branch="false"/>
						<line number="112" hits="0" branch="false"/>
						<line number="113" hits="0" branch="false"/>
						<line number="116" hits="0" branch="false"/>
						<line number="117" hits="0" branch="false"/>
						<line number="121" hits="0" branch="false"/>
						<line number="122" hits="0" branch="true" condition-coverage="0% (0/2)">
							<conditions>
								<condition number="0" type="jump" coverage="0%"/>
							</conditions>
						</line>
						<line number="123" hits="0" branch="false"/>
						<line number="125" hits="0" branch="false"/>
						<line number="129" hits="0" branch="false"/>
						<line number="130" hits="0" branch="true" condition-coverage="0% (0/2)">
							<conditions>
								<condition number="0" type="jump" coverage="0%"/>
							</conditions>
						</line>
						<line number="131" hits="0" branch="false"/>
						<line number="133" hits="0" branch="false"/>
						<line number="135" hits="0" branch="false"/>
					</lines>
				</class>
				<class name="cc.kave.episodes.analyzer.RecommenderGraphGenerator" filename="cc/kave/episodes/analyzer/RecommenderGraphGenerator.java" line-rate="0.0" branch-rate="0.0" complexity="1.6">
					<methods>
						<method name="&lt;init&gt;" signature="(Ljava/io/File;Lcc/kave/episodes/mining/reader/ValidationContextsParser;Lcc/kave/episodes/mining/reader/MappingParser;Lcc/kave/episodes/mining/graphs/TransitivelyClosedEpisodes;Lcc/kave/episodes/mining/graphs/EpisodeAsGraphWriter;Lcc/kave/episodes/mining/graphs/EpisodeToGraphConverter;Lcc/kave/episodes/evaluation/queries/QueryStrategy;Lcc/kave/episodes/mining/evaluation/EpisodeRecommender;Lcc/kave/episodes/mining/reader/EpisodeParser;Lcc/kave/episodes/mining/patterns/MaximalEpisodes;)V" line-rate="0.0" branch-rate="1.0" complexity="0">
							<lines>
								<line number="56" hits="0" branch="false"/>
								<line number="58" hits="0" branch="false"/>
								<line number="59" hits="0" branch="false"/>
								<line number="61" hits="0" branch="false"/>
								<line number="62" hits="0" branch="false"/>
								<line number="63" hits="0" branch="false"/>
								<line number="64" hits="0" branch="false"/>
								<line number="65" hits="0" branch="false"/>
								<line number="66" hits="0" branch="false"/>
								<line number="67" hits="0" branch="false"/>
								<line number="68" hits="0" branch="false"/>
								<line number="69" hits="0" branch="false"/>
								<line number="70" hits="0" branch="false"/>
								<line number="71" hits="0" branch="false"/>
							</lines>
						</method>
						<method name="createDirectoryStructure" signature="()Ljava/lang/String;" line-rate="0.0" branch-rate="0.0" complexity="0">
							<lines>
								<line number="155" hits="0" branch="false"/>
								<line number="156" hits="0" branch="true" condition-coverage="0% (0/2)">
									<conditions>
										<condition number="0" type="jump" coverage="0%"/>
									</conditions>
								</line>
								<line number="157" hits="0" branch="false"/>
								<line number="159" hits="0" branch="false"/>
							</lines>
						</method>
						<method name="getEpisodePath" signature="(Ljava/lang/String;I)Ljava/lang/String;" line-rate="0.0" branch-rate="0.0" complexity="0">
							<lines>
								<line number="163" hits="0" branch="false"/>
								<line number="164" hits="0" branch="true" condition-coverage="0% (0/2)">
									<conditions>
										<condition number="0" type="jump" coverage="0%"/>
									</conditions>
								</line>
								<line number="165" hits="0" branch="false"/>
								<line number="167" hits="0" branch="false"/>
								<line number="169" hits="0" branch="false"/>
							</lines>
						</method>
						<method name="getProposalPath" signature="(Ljava/lang/String;III)Ljava/lang/String;" line-rate="0.0" branch-rate="1.0" complexity="0">
							<lines>
								<line number="150" hits="0" branch="false"/>
								<line number="151" hits="0" branch="false"/>
							</lines>
						</method>
						<method name="getQueryPath" signature="(Ljava/lang/String;II)Ljava/lang/String;" line-rate="0.0" branch-rate="0.0" complexity="0">
							<lines>
								<line number="141" hits="0" branch="false"/>
								<line number="142" hits="0" branch="true" condition-coverage="0% (0/2)">
									<conditions>
										<condition number="0" type="jump" coverage="0%"/>
									</conditions>
								</line>
								<line number="143" hits="0" branch="false"/>
								<line number="145" hits="0" branch="false"/>
								<line number="146" hits="0" branch="false"/>
							</lines>
						</method>
					</methods>
					<lines>
						<line number="56" hits="0" branch="false"/>
						<line number="58" hits="0" branch="false"/>
						<line number="59" hits="0" branch="false"/>
						<line number="61" hits="0" branch="false"/>
						<line number="62" hits="0" branch="false"/>
						<line number="63" hits="0" branch="false"/>
						<line number="64" hits="0" branch="false"/>
						<line number="65" hits="0" branch="false"/>
						<line number="66" hits="0" branch="false"/>
						<line number="67" hits="0" branch="false"/>
						<line number="68" hits="0" branch="false"/>
						<line number="69" hits="0" branch="false"/>
						<line number="70" hits="0" branch="false"/>
						<line number="71" hits="0" branch="false"/>
						<line number="141" hits="0" branch="false"/>
						<line number="142" hits="0" branch="true" condition-coverage="0% (0/2)">
							<conditions>
								<condition number="0" type="jump" coverage="0%"/>
							</conditions>
						</line>
						<line number="143" hits="0" branch="false"/>
						<line number="145" hits="0" branch="false"/>
						<line number="146" hits="0" branch="false"/>
						<line number="150" hits="0" branch="false"/>
						<line number="151" hits="0" branch="false"/>
						<line number="155" hits="0" branch="false"/>
						<line number="156" hits="0" branch="true" condition-coverage="0% (0/2)">
							<conditions>
								<condition number="0" type="jump" coverage="0%"/>
							</conditions>
						</line>
						<line number="157" hits="0" branch="false"/>
						<line number="159" hits="0" branch="false"/>
						<line number="163" hits="0" branch="false"/>
						<line number="164" hits="0" branch="true" condition-coverage="0% (0/2)">
							<conditions>
								<condition number="0" type="jump" coverage="0%"/>
							</conditions>
						</line>
						<line number="165" hits="0" branch="false"/>
						<line number="167" hits="0" branch="false"/>
						<line number="169" hits="0" branch="false"/>
					</lines>
				</class>
				<class name="cc.kave.episodes.analyzer.TrainingDataGraphGenerator" filename="cc/kave/episodes/analyzer/TrainingDataGraphGenerator.java" line-rate="0.3793103448275862" branch-rate="0.0" complexity="2.25">
					<methods>
						<method name="&lt;init&gt;" signature="(Ljava/io/File;Lcc/kave/episodes/mining/reader/EpisodeParser;Lcc/kave/episodes/mining/patterns/MaximalEpisodes;Lcc/kave/episodes/mining/reader/MappingParser;Lcc/kave/episodes/mining/graphs/TransitivelyClosedEpisodes;Lcc/kave/episodes/mining/graphs/EpisodeAsGraphWriter;Lcc/kave/episodes/mining/graphs/EpisodeToGraphConverter;)V" line-rate="1.0" branch-rate="1.0" complexity="0">
							<lines>
								<line number="52" hits="4" branch="false"/>
								<line number="54" hits="4" branch="false"/>
								<line number="55" hits="3" branch="false"/>
								<line number="57" hits="2" branch="false"/>
								<line number="58" hits="2" branch="false"/>
								<line number="59" hits="2" branch="false"/>
								<line number="60" hits="2" branch="false"/>
								<line number="61" hits="2" branch="false"/>
								<line number="62" hits="2" branch="false"/>
								<line number="63" hits="2" branch="false"/>
								<line number="64" hits="2" branch="false"/>
							</lines>
						</method>
						<method name="createDirectoryStructure" signature="(ID)Ljava/lang/String;" line-rate="0.0" branch-rate="0.0" complexity="0">
							<lines>
								<line number="110" hits="0" branch="false"/>
								<line number="112" hits="0" branch="true" condition-coverage="0% (0/2)">
									<conditions>
										<condition number="0" type="jump" coverage="0%"/>
									</conditions>
								</line>
								<line number="113" hits="0" branch="false"/>
								<line number="115" hits="0" branch="false"/>
							</lines>
						</method>
						<method name="getAPIType" signature="(Lcc/kave/episodes/model/Episode;Ljava/util/List;)Ljava/util/List;" line-rate="0.0" branch-rate="0.0" complexity="0">
							<lines>
								<line number="95" hits="0" branch="false"/>
								<line number="96" hits="0" branch="true" condition-coverage="0% (0/2)">
									<conditions>
										<condition number="0" type="jump" coverage="0%"/>
									</conditions>
								</line>
								<line number="97" hits="0" branch="true" condition-coverage="0% (0/2)">
									<conditions>
										<condition number="0" type="jump" coverage="0%"/>
									</conditions>
								</line>
								<line number="98" hits="0" branch="false"/>
								<line number="99" hits="0" branch="false"/>
								<line number="101" hits="0" branch="true" condition-coverage="0% (0/2)">
									<conditions>
										<condition number="0" type="jump" coverage="0%"/>
									</conditions>
								</line>
								<line number="102" hits="0" branch="false"/>
								<line number="105" hits="0" branch="false"/>
								<line number="106" hits="0" branch="false"/>
							</lines>
						</method>
						<method name="getFilePath" signature="(Ljava/lang/String;Ljava/lang/String;I)Ljava/lang/String;" line-rate="0.0" branch-rate="0.0" complexity="0">
							<lines>
								<line number="119" hits="0" branch="false"/>
								<line number="120" hits="0" branch="true" condition-coverage="0% (0/2)">
									<conditions>
										<condition number="0" type="jump" coverage="0%"/>
									</conditions>
								</line>
								<line number="121" hits="0" branch="false"/>
								<line number="123" hits="0" branch="false"/>
								<line number="125" hits="0" branch="false"/>
							</lines>
						</method>
					</methods>
					<lines>
						<line number="52" hits="4" branch="false"/>
						<line number="54" hits="4" branch="false"/>
						<line number="55" hits="3" branch="false"/>
						<line number="57" hits="2" branch="false"/>
						<line number="58" hits="2" branch="false"/>
						<line number="59" hits="2" branch="false"/>
						<line number="60" hits="2" branch="false"/>
						<line number="61" hits="2" branch="false"/>
						<line number="62" hits="2" branch="false"/>
						<line number="63" hits="2" branch="false"/>
						<line number="64" hits="2" branch="false"/>
						<line number="95" hits="0" branch="false"/>
						<line number="96" hits="0" branch="true" condition-coverage="0% (0/2)">
							<conditions>
								<condition number="0" type="jump" coverage="0%"/>
							</conditions>
						</line>
						<line number="97" hits="0" branch="true" condition-coverage="0% (0/2)">
							<conditions>
								<condition number="0" type="jump" coverage="0%"/>
							</conditions>
						</line>
						<line number="98" hits="0" branch="false"/>
						<line number="99" hits="0" branch="false"/>
						<line number="101" hits="0" branch="true" condition-coverage="0% (0/2)">
							<conditions>
								<condition number="0" type="jump" coverage="0%"/>
							</conditions>
						</line>
						<line number="102" hits="0" branch="false"/>
						<line number="105" hits="0" branch="false"/>
						<line number="106" hits="0" branch="false"/>
						<line number="110" hits="0" branch="false"/>
						<line number="112" hits="0" branch="true" condition-coverage="0% (0/2)">
							<conditions>
								<condition number="0" type="jump" coverage="0%"/>
							</conditions>
						</line>
						<line number="113" hits="0" branch="false"/>
						<line number="115" hits="0" branch="false"/>
						<line number="119" hits="0" branch="false"/>
						<line number="120" hits="0" branch="true" condition-coverage="0% (0/2)">
							<conditions>
								<condition number="0" type="jump" coverage="0%"/>
							</conditions>
						</line>
						<line number="121" hits="0" branch="false"/>
						<line number="123" hits="0" branch="false"/>
						<line number="125" hits="0" branch="false"/>
					</lines>
				</class>
				<class name="cc.kave.episodes.analyzer.ValidationDataGraphGenerator" filename="cc/kave/episodes/analyzer/ValidationDataGraphGenerator.java" line-rate="1.0" branch-rate="0.9285714285714286" complexity="2.4">
					<methods>
						<method name="&lt;init&gt;" signature="(Ljava/io/File;Lcc/kave/episodes/mining/reader/ValidationContextsParser;Lcc/kave/episodes/mining/reader/MappingParser;Lcc/kave/episodes/mining/graphs/TransitivelyClosedEpisodes;Lcc/kave/episodes/mining/graphs/EpisodeAsGraphWriter;Lcc/kave/episodes/mining/graphs/EpisodeToGraphConverter;)V" line-rate="1.0" branch-rate="1.0" complexity="0">
							<lines>
								<line number="54" hits="6" branch="false"/>
								<line number="56" hits="6" branch="false"/>
								<line number="57" hits="5" branch="false"/>
								<line number="59" hits="4" branch="false"/>
								<line number="60" hits="4" branch="false"/>
								<line number="61" hits="4" branch="false"/>
								<line number="62" hits="4" branch="false"/>
								<line number="63" hits="4" branch="false"/>
								<line number="64" hits="4" branch="false"/>
								<line number="65" hits="4" branch="false"/>
							</lines>
						</method>
						<method name="createDirectoryStructure" signature="()Ljava/lang/String;" line-rate="1.0" branch-rate="0.5" complexity="0">
							<lines>
								<line number="110" hits="2" branch="false"/>
								<line number="111" hits="2" branch="true" condition-coverage="50% (1/2)">
									<conditions>
										<condition number="0" type="jump" coverage="50%"/>
									</conditions>
								</line>
								<line number="112" hits="2" branch="false"/>
								<line number="114" hits="2" branch="false"/>
							</lines>
						</method>
						<method name="generateGraphs" signature="(I)V" line-rate="1.0" branch-rate="1.0" complexity="0">
							<lines>
								<line number="69" hits="2" branch="false"/>
								<line number="71" hits="2" branch="false"/>
								<line number="72" hits="2" branch="false"/>
								<line number="74" hits="2" branch="false"/>
								<line number="75" hits="2" branch="false"/>
								<line number="77" hits="2" branch="false"/>
								<line number="79" hits="2" branch="false"/>
								<line number="81" hits="2" branch="true" condition-coverage="100% (2/2)">
									<conditions>
										<condition number="0" type="jump" coverage="100%"/>
									</conditions>
								</line>
								<line number="82" hits="16" branch="false"/>
								<line number="83" hits="16" branch="false"/>
								<line number="84" hits="16" branch="false"/>
								<line number="85" hits="16" branch="false"/>
								<line number="86" hits="16" branch="true" condition-coverage="100% (2/2)">
									<conditions>
										<condition number="0" type="jump" coverage="100%"/>
									</conditions>
								</line>
								<line number="87" hits="16" branch="false"/>
								<line number="88" hits="16" branch="false"/>
								<line number="89" hits="16" branch="false"/>
								<line number="90" hits="16" branch="false"/>
								<line number="91" hits="2" branch="false"/>
							</lines>
						</method>
						<method name="getAPIType" signature="(Lcc/kave/episodes/model/Episode;Ljava/util/List;)Ljava/util/List;" line-rate="1.0" branch-rate="1.0" complexity="0">
							<lines>
								<line number="94" hits="16" branch="false"/>
								<line number="95" hits="16" branch="true" condition-coverage="100% (2/2)">
									<conditions>
										<condition number="0" type="jump" coverage="100%"/>
									</conditions>
								</line>
								<line number="96" hits="52" branch="true" condition-coverage="100% (2/2)">
									<conditions>
										<condition number="0" type="jump" coverage="100%"/>
									</conditions>
								</line>
								<line number="97" hits="18" branch="false"/>
								<line number="99" hits="34" branch="false"/>
								<line number="100" hits="34" branch="false"/>
								<line number="102" hits="34" branch="true" condition-coverage="100% (2/2)">
									<conditions>
										<condition number="0" type="jump" coverage="100%"/>
									</conditions>
								</line>
								<line number="103" hits="16" branch="false"/>
								<line number="105" hits="34" branch="false"/>
								<line number="106" hits="16" branch="false"/>
							</lines>
						</method>
						<method name="getFilePath" signature="(Ljava/lang/String;Ljava/lang/String;I)Ljava/lang/String;" line-rate="1.0" branch-rate="1.0" complexity="0">
							<lines>
								<line number="118" hits="16" branch="false"/>
								<line number="119" hits="16" branch="true" condition-coverage="100% (2/2)">
									<conditions>
										<condition number="0" type="jump" coverage="100%"/>
									</conditions>
								</line>
								<line number="120" hits="2" branch="false"/>
								<line number="122" hits="16" branch="false"/>
								<line number="124" hits="16" branch="false"/>
							</lines>
						</method>
					</methods>
					<lines>
						<line number="54" hits="6" branch="false"/>
						<line number="56" hits="6" branch="false"/>
						<line number="57" hits="5" branch="false"/>
						<line number="59" hits="4" branch="false"/>
						<line number="60" hits="4" branch="false"/>
						<line number="61" hits="4" branch="false"/>
						<line number="62" hits="4" branch="false"/>
						<line number="63" hits="4" branch="false"/>
						<line number="64" hits="4" branch="false"/>
						<line number="65" hits="4" branch="false"/>
						<line number="69" hits="2" branch="false"/>
						<line number="71" hits="2" branch="false"/>
						<line number="72" hits="2" branch="false"/>
						<line number="74" hits="2" branch="false"/>
						<line number="75" hits="2" branch="false"/>
						<line number="77" hits="2" branch="false"/>
						<line number="79" hits="2" branch="false"/>
						<line number="81" hits="2" branch="true" condition-coverage="100% (2/2)">
							<conditions>
								<condition number="0" type="jump" coverage="100%"/>
							</conditions>
						</line>
						<line number="82" hits="16" branch="false"/>
						<line number="83" hits="16" branch="false"/>
						<line number="84" hits="16" branch="false"/>
						<line number="85" hits="16" branch="false"/>
						<line number="86" hits="16" branch="true" condition-coverage="100% (2/2)">
							<conditions>
								<condition number="0" type="jump" coverage="100%"/>
							</conditions>
						</line>
						<line number="87" hits="16" branch="false"/>
						<line number="88" hits="16" branch="false"/>
						<line number="89" hits="16" branch="false"/>
						<line number="90" hits="16" branch="false"/>
						<line number="91" hits="2" branch="false"/>
						<line number="94" hits="16" branch="false"/>
						<line number="95" hits="16" branch="true" condition-coverage="100% (2/2)">
							<conditions>
								<condition number="0" type="jump" coverage="100%"/>
							</conditions>
						</line>
						<line number="96" hits="52" branch="true" condition-coverage="100% (2/2)">
							<conditions>
								<condition number="0" type="jump" coverage="100%"/>
							</conditions>
						</line>
						<line number="97" hits="18" branch="false"/>
						<line number="99" hits="34" branch="false"/>
						<line number="100" hits="34" branch="false"/>
						<line number="102" hits="34" branch="true" condition-coverage="100% (2/2)">
							<conditions>
								<condition number="0" type="jump" coverage="100%"/>
							</conditions>
						</line>
						<line number="103" hits="16" branch="false"/>
						<line number="105" hits="34" branch="false"/>
						<line number="106" hits="16" branch="false"/>
						<line number="110" hits="2" branch="false"/>
						<line number="111" hits="2" branch="true" condition-coverage="50% (1/2)">
							<conditions>
								<condition number="0" type="jump" coverage="50%"/>
							</conditions>
						</line>
						<line number="112" hits="2" branch="false"/>
						<line number="114" hits="2" branch="false"/>
						<line number="118" hits="16" branch="false"/>
						<line number="119" hits="16" branch="true" condition-coverage="100% (2/2)">
							<conditions>
								<condition number="0" type="jump" coverage="100%"/>
							</conditions>
						</line>
						<line number="120" hits="2" branch="false"/>
						<line number="122" hits="16" branch="false"/>
						<line number="124" hits="16" branch="false"/>
					</lines>
				</class>
				<class name="cc.kave.episodes.analyzer.ValidationSetAnalyzer" filename="cc/kave/episodes/analyzer/ValidationSetAnalyzer.java" line-rate="1.0" branch-rate="1.0" complexity="2.5">
					<methods>
						<method name="&lt;init&gt;" signature="(Lcc/kave/episodes/mining/reader/MappingParser;Lcc/kave/episodes/mining/reader/ValidationContextsParser;)V" line-rate="1.0" branch-rate="1.0" complexity="0">
							<lines>
								<line number="40" hits="1" branch="false"/>
								<line number="43" hits="1" branch="false"/>
								<line number="44" hits="1" branch="false"/>
								<line number="45" hits="1" branch="false"/>
								<line number="46" hits="1" branch="false"/>
							</lines>
						</method>
						<method name="categorize" signature="(I)V" line-rate="1.0" branch-rate="1.0" complexity="0">
							<lines>
								<line number="49" hits="1" branch="false"/>
								<line number="51" hits="1" branch="false"/>
								<line number="52" hits="1" branch="false"/>
								<line number="54" hits="1" branch="false"/>
								<line number="55" hits="1" branch="false"/>
								<line number="57" hits="1" branch="false"/>
								<line number="58" hits="1" branch="true" condition-coverage="100% (2/2)">
									<conditions>
										<condition number="0" type="jump" coverage="100%"/>
									</conditions>
								</line>
								<line number="59" hits="4" branch="false"/>
								<line number="61" hits="4" branch="true" condition-coverage="100% (2/2)">
									<conditions>
										<condition number="0" type="jump" coverage="100%"/>
									</conditions>
								</line>
								<line number="62" hits="1" branch="false"/>
								<line number="63" hits="1" branch="false"/>
								<line number="64" hits="1" branch="false"/>
								<line number="65" hits="3" branch="false"/>
								<line number="67" hits="4" branch="false"/>
								<line number="69" hits="1" branch="false"/>
								<line number="70" hits="1" branch="true" condition-coverage="100% (2/2)">
									<conditions>
										<condition number="0" type="jump" coverage="100%"/>
									</conditions>
								</line>
								<line number="71" hits="3" branch="false"/>
								<line number="72" hits="3" branch="false"/>
								<line number="73" hits="1" branch="false"/>
							</lines>
						</method>
					</methods>
					<lines>
						<line number="40" hits="1" branch="false"/>
						<line number="43" hits="1" branch="false"/>
						<line number="44" hits="1" branch="false"/>
						<line number="45" hits="1" branch="false"/>
						<line number="46" hits="1" branch="false"/>
						<line number="49" hits="1" branch="false"/>
						<line number="51" hits="1" branch="false"/>
						<line number="52" hits="1" branch="false"/>
						<line number="54" hits="1" branch="false"/>
						<line number="55" hits="1" branch="false"/>
						<line number="57" hits="1" branch="false"/>
						<line number="58" hits="1" branch="true" condition-coverage="100% (2/2)">
							<conditions>
								<condition number="0" type="jump" coverage="100%"/>
							</conditions>
						</line>
						<line number="59" hits="4" branch="false"/>
						<line number="61" hits="4" branch="true" condition-coverage="100% (2/2)">
							<conditions>
								<condition number="0" type="jump" coverage="100%"/>
							</conditions>
						</line>
						<line number="62" hits="1" branch="false"/>
						<line number="63" hits="1" branch="false"/>
						<line number="64" hits="1" branch="false"/>
						<line number="65" hits="3" branch="false"/>
						<line number="67" hits="4" branch="false"/>
						<line number="69" hits="1" branch="false"/>
						<line number="70" hits="1" branch="true" condition-coverage="100% (2/2)">
							<conditions>
								<condition number="0" type="jump" coverage="100%"/>
							</conditions>
						</line>
						<line number="71" hits="3" branch="false"/>
						<line number="72" hits="3" branch="false"/>
						<line number="73" hits="1" branch="false"/>
					</lines>
				</class>
			</classes>
		</package>
		<package name="cc.kave.episodes.data" line-rate="0.0" branch-rate="0.0" complexity="2.3333333333333335">
			<classes>
				<class name="cc.kave.episodes.data.ErvinasMeasure" filename="cc/kave/episodes/data/ErvinasMeasure.java" line-rate="0.0" branch-rate="0.0" complexity="2.3333333333333335">
					<methods>
						<method name="&lt;init&gt;" signature="()V" line-rate="0.0" branch-rate="1.0" complexity="0">
							<lines>
								<line number="21" hits="0" branch="false"/>
								<line number="23" hits="0" branch="false"/>
								<line number="24" hits="0" branch="false"/>
								<line number="26" hits="0" branch="false"/>
							</lines>
						</method>
						<method name="dropAfterTotalRecall" signature="(Ljava/util/Set;Ljava/util/Set;)Ljava/util/Set;" line-rate="0.0" branch-rate="0.0" complexity="0">
							<lines>
								<line number="104" hits="0" branch="false"/>
								<line number="106" hits="0" branch="false"/>
								<line number="108" hits="0" branch="true" condition-coverage="0% (0/2)">
									<conditions>
										<condition number="0" type="jump" coverage="0%"/>
									</conditions>
								</line>
								<line number="109" hits="0" branch="true" condition-coverage="0% (0/2)">
									<conditions>
										<condition number="0" type="jump" coverage="0%"/>
									</conditions>
								</line>
								<line number="110" hits="0" branch="false"/>
								<line number="112" hits="0" branch="true" condition-coverage="0% (0/2)">
									<conditions>
										<condition number="0" type="jump" coverage="0%"/>
									</conditions>
								</line>
								<line number="113" hits="0" branch="false"/>
								<line number="116" hits="0" branch="false"/>
								<line number="118" hits="0" branch="false"/>
							</lines>
						</method>
						<method name="getF" signature="(D)D" line-rate="0.0" branch-rate="0.0" complexity="0">
							<lines>
								<line number="41" hits="0" branch="false"/>
								<line number="42" hits="0" branch="false"/>
								<line number="44" hits="0" branch="true" condition-coverage="0% (0/2)">
									<conditions>
										<condition number="0" type="jump" coverage="0%"/>
									</conditions>
								</line>
								<line number="45" hits="0" branch="false"/>
								<line number="46" hits="0" branch="false"/>
								<line number="48" hits="0" branch="false"/>
							</lines>
						</method>
						<method name="getF1" signature="()D" line-rate="0.0" branch-rate="1.0" complexity="0">
							<lines>
								<line number="37" hits="0" branch="false"/>
							</lines>
						</method>
						<method name="getPrecision" signature="()D" line-rate="0.0" branch-rate="1.0" complexity="0">
							<lines>
								<line number="29" hits="0" branch="false"/>
							</lines>
						</method>
						<method name="getRecall" signature="()D" line-rate="0.0" branch-rate="1.0" complexity="0">
							<lines>
								<line number="33" hits="0" branch="false"/>
							</lines>
						</method>
						<method name="isPrecisionOrRecallSet" signature="()Z" line-rate="0.0" branch-rate="0.0" complexity="0">
							<lines>
								<line number="54" hits="0" branch="true" condition-coverage="0% (0/4)">
									<conditions>
										<condition number="0" type="jump" coverage="0%"/>
										<condition number="1" type="jump" coverage="0%"/>
									</conditions>
								</line>
							</lines>
						</method>
						<method name="new2Measure" signature="(Ljava/util/List;Ljava/util/List;)Lcc/kave/episodes/data/ErvinasMeasure;" line-rate="0.0" branch-rate="0.0" complexity="0">
							<lines>
								<line number="78" hits="0" branch="false"/>
								<line number="79" hits="0" branch="false"/>
								<line number="81" hits="0" branch="false"/>
								<line number="82" hits="0" branch="true" condition-coverage="0% (0/2)">
									<conditions>
										<condition number="0" type="jump" coverage="0%"/>
									</conditions>
								</line>
								<line number="83" hits="0" branch="true" condition-coverage="0% (0/2)">
									<conditions>
										<condition number="0" type="jump" coverage="0%"/>
									</conditions>
								</line>
								<line number="84" hits="0" branch="false"/>
								<line number="86" hits="0" branch="false"/>
								<line number="88" hits="0" branch="false"/>
								<line number="89" hits="0" branch="false"/>
								<line number="90" hits="0" branch="false"/>
								<line number="92" hits="0" branch="false"/>
							</lines>
						</method>
						<method name="newMeasure" signature="(Ljava/util/Set;Ljava/util/Set;)Lcc/kave/episodes/data/ErvinasMeasure;" line-rate="0.0" branch-rate="0.0" complexity="0">
							<lines>
								<line number="59" hits="0" branch="false"/>
								<line number="60" hits="0" branch="false"/>
								<line number="62" hits="0" branch="false"/>
								<line number="63" hits="0" branch="true" condition-coverage="0% (0/2)">
									<conditions>
										<condition number="0" type="jump" coverage="0%"/>
									</conditions>
								</line>
								<line number="64" hits="0" branch="true" condition-coverage="0% (0/2)">
									<conditions>
										<condition number="0" type="jump" coverage="0%"/>
									</conditions>
								</line>
								<line number="65" hits="0" branch="false"/>
								<line number="67" hits="0" branch="false"/>
								<line number="69" hits="0" branch="false"/>
								<line number="70" hits="0" branch="false"/>
								<line number="71" hits="0" branch="false"/>
								<line number="73" hits="0" branch="false"/>
							</lines>
						</method>
						<method name="saveDivision" signature="(DD)D" line-rate="0.0" branch-rate="0.0" complexity="0">
							<lines>
								<line number="96" hits="0" branch="true" condition-coverage="0% (0/2)">
									<conditions>
										<condition number="0" type="jump" coverage="0%"/>
									</conditions>
								</line>
								<line number="97" hits="0" branch="false"/>
								<line number="99" hits="0" branch="false"/>
							</lines>
						</method>
					</methods>
					<lines>
						<line number="21" hits="0" branch="false"/>
						<line number="23" hits="0" branch="false"/>
						<line number="24" hits="0" branch="false"/>
						<line number="26" hits="0" branch="false"/>
						<line number="29" hits="0" branch="false"/>
						<line number="33" hits="0" branch="false"/>
						<line number="37" hits="0" branch="false"/>
						<line number="41" hits="0" branch="false"/>
						<line number="42" hits="0" branch="false"/>
						<line number="44" hits="0" branch="true" condition-coverage="0% (0/2)">
							<conditions>
								<condition number="0" type="jump" coverage="0%"/>
							</conditions>
						</line>
						<line number="45" hits="0" branch="false"/>
						<line number="46" hits="0" branch="false"/>
						<line number="48" hits="0" branch="false"/>
						<line number="54" hits="0" branch="true" condition-coverage="0% (0/4)">
							<conditions>
								<condition number="0" type="jump" coverage="0%"/>
								<condition number="1" type="jump" coverage="0%"/>
							</conditions>
						</line>
						<line number="59" hits="0" branch="false"/>
						<line number="60" hits="0" branch="false"/>
						<line number="62" hits="0" branch="false"/>
						<line number="63" hits="0" branch="true" condition-coverage="0% (0/2)">
							<conditions>
								<condition number="0" type="jump" coverage="0%"/>
							</conditions>
						</line>
						<line number="64" hits="0" branch="true" condition-coverage="0% (0/2)">
							<conditions>
								<condition number="0" type="jump" coverage="0%"/>
							</conditions>
						</line>
						<line number="65" hits="0" branch="false"/>
						<line number="67" hits="0" branch="false"/>
						<line number="69" hits="0" branch="false"/>
						<line number="70" hits="0" branch="false"/>
						<line number="71" hits="0" branch="false"/>
						<line number="73" hits="0" branch="false"/>
						<line number="78" hits="0" branch="false"/>
						<line number="79" hits="0" branch="false"/>
						<line number="81" hits="0" branch="false"/>
						<line number="82" hits="0" branch="true" condition-coverage="0% (0/2)">
							<conditions>
								<condition number="0" type="jump" coverage="0%"/>
							</conditions>
						</line>
						<line number="83" hits="0" branch="true" condition-coverage="0% (0/2)">
							<conditions>
								<condition number="0" type="jump" coverage="0%"/>
							</conditions>
						</line>
						<line number="84" hits="0" branch="false"/>
						<line number="86" hits="0" branch="false"/>
						<line number="88" hits="0" branch="false"/>
						<line number="89" hits="0" branch="false"/>
						<line number="90" hits="0" branch="false"/>
						<line number="92" hits="0" branch="false"/>
						<line number="96" hits="0" branch="true" condition-coverage="0% (0/2)">
							<conditions>
								<condition number="0" type="jump" coverage="0%"/>
							</conditions>
						</line>
						<line number="97" hits="0" branch="false"/>
						<line number="99" hits="0" branch="false"/>
						<line number="104" hits="0" branch="false"/>
						<line number="106" hits="0" branch="false"/>
						<line number="108" hits="0" branch="true" condition-coverage="0% (0/2)">
							<conditions>
								<condition number="0" type="jump" coverage="0%"/>
							</conditions>
						</line>
						<line number="109" hits="0" branch="true" condition-coverage="0% (0/2)">
							<conditions>
								<condition number="0" type="jump" coverage="0%"/>
							</conditions>
						</line>
						<line number="110" hits="0" branch="false"/>
						<line number="112" hits="0" branch="true" condition-coverage="0% (0/2)">
							<conditions>
								<condition number="0" type="jump" coverage="0%"/>
							</conditions>
						</line>
						<line number="113" hits="0" branch="false"/>
						<line number="116" hits="0" branch="false"/>
						<line number="118" hits="0" branch="false"/>
					</lines>
				</class>
			</classes>
		</package>
		<package name="cc.kave.episodes.evaluation.queries" line-rate="0.9517241379310345" branch-rate="0.9871794871794872" complexity="3.1666666666666665">
			<classes>
				<class name="cc.kave.episodes.evaluation.queries.QueryStrategy" filename="cc/kave/episodes/evaluation/queries/QueryStrategy.java" line-rate="1.0" branch-rate="0.9705882352941176" complexity="3.6666666666666665">
					<methods>
						<method name="&lt;init&gt;" signature="()V" line-rate="1.0" branch-rate="1.0" complexity="0">
							<lines>
								<line number="19" hits="6" branch="false"/>
								<line number="21" hits="6" branch="false"/>
								<line number="22" hits="6" branch="false"/>
								<line number="23" hits="6" branch="false"/>
								<line number="24" hits="6" branch="false"/>
							</lines>
						</method>
						<method name="byNumber" signature="(Lcc/kave/episodes/model/Episode;)Ljava/util/Map;" line-rate="1.0" branch-rate="1.0" complexity="0">
							<lines>
								<line number="47" hits="1" branch="false"/>
								<line number="48" hits="1" branch="false"/>
								<line number="49" hits="1" branch="false"/>
								<line number="51" hits="1" branch="true" condition-coverage="100% (2/2)">
									<conditions>
										<condition number="0" type="jump" coverage="100%"/>
									</conditions>
								</line>
								<line number="52" hits="3" branch="false"/>
								<line number="53" hits="3" branch="false"/>
								<line number="54" hits="3" branch="true" condition-coverage="100% (2/2)">
									<conditions>
										<condition number="0" type="jump" coverage="100%"/>
									</conditions>
								</line>
								<line number="55" hits="14" branch="false"/>
								<line number="56" hits="14" branch="false"/>
								<line number="57" hits="14" branch="true" condition-coverage="100% (2/2)">
									<conditions>
										<condition number="0" type="jump" coverage="100%"/>
									</conditions>
								</line>
								<line number="58" hits="11" branch="false"/>
								<line number="60" hits="3" branch="false"/>
								<line number="62" hits="14" branch="false"/>
								<line number="63" hits="3" branch="false"/>
								<line number="64" hits="1" branch="false"/>
							</lines>
						</method>
						<method name="byPercentage" signature="(Lcc/kave/episodes/model/Episode;)Ljava/util/Map;" line-rate="1.0" branch-rate="1.0" complexity="0">
							<lines>
								<line number="27" hits="3" branch="false"/>
								<line number="28" hits="2" branch="false"/>
								<line number="29" hits="2" branch="false"/>
								<line number="31" hits="2" branch="true" condition-coverage="100% (2/2)">
									<conditions>
										<condition number="0" type="jump" coverage="100%"/>
									</conditions>
								</line>
								<line number="32" hits="4" branch="false"/>
								<line number="33" hits="4" branch="false"/>
								<line number="34" hits="4" branch="true" condition-coverage="100% (2/2)">
									<conditions>
										<condition number="0" type="jump" coverage="100%"/>
									</conditions>
								</line>
								<line number="35" hits="16" branch="false"/>
								<line number="36" hits="16" branch="true" condition-coverage="100% (2/2)">
									<conditions>
										<condition number="0" type="jump" coverage="100%"/>
									</conditions>
								</line>
								<line number="37" hits="12" branch="false"/>
								<line number="39" hits="4" branch="false"/>
								<line number="41" hits="16" branch="false"/>
								<line number="42" hits="4" branch="false"/>
								<line number="43" hits="2" branch="false"/>
							</lines>
						</method>
						<method name="createQuery" signature="(Lcc/kave/episodes/model/Episode;Lcc/kave/episodes/model/events/Fact;Ljava/util/Set;)Lcc/kave/episodes/model/Episode;" line-rate="1.0" branch-rate="1.0" complexity="0">
							<lines>
								<line number="82" hits="30" branch="false"/>
								<line number="83" hits="30" branch="false"/>
								<line number="84" hits="30" branch="true" condition-coverage="100% (2/2)">
									<conditions>
										<condition number="0" type="jump" coverage="100%"/>
									</conditions>
								</line>
								<line number="85" hits="58" branch="false"/>
								<line number="86" hits="58" branch="false"/>
								<line number="87" hits="58" branch="false"/>
								<line number="89" hits="30" branch="true" condition-coverage="100% (2/2)">
									<conditions>
										<condition number="0" type="jump" coverage="100%"/>
									</conditions>
								</line>
								<line number="90" hits="320" branch="true" condition-coverage="100% (2/2)">
									<conditions>
										<condition number="0" type="jump" coverage="100%"/>
									</conditions>
								</line>
								<line number="91" hits="174" branch="false"/>
								<line number="92" hits="174" branch="true" condition-coverage="100% (4/4)">
									<conditions>
										<condition number="0" type="jump" coverage="100%"/>
										<condition number="1" type="jump" coverage="100%"/>
									</conditions>
								</line>
								<line number="93" hits="12" branch="false"/>
								<line number="96" hits="320" branch="false"/>
								<line number="97" hits="30" branch="false"/>
							</lines>
						</method>
						<method name="numberRemoved" signature="(I)Ljava/util/List;" line-rate="1.0" branch-rate="1.0" complexity="0">
							<lines>
								<line number="68" hits="1" branch="false"/>
								<line number="69" hits="4" branch="true" condition-coverage="100% (2/2)">
									<conditions>
										<condition number="0" type="jump" coverage="100%"/>
									</conditions>
								</line>
								<line number="70" hits="3" branch="false"/>
								<line number="72" hits="1" branch="false"/>
							</lines>
						</method>
						<method name="percentRemoved" signature="(I)Ljava/util/Map;" line-rate="1.0" branch-rate="0.875" complexity="0">
							<lines>
								<line number="101" hits="2" branch="false"/>
								<line number="103" hits="22" branch="true" condition-coverage="100% (2/2)">
									<conditions>
										<condition number="0" type="jump" coverage="100%"/>
									</conditions>
								</line>
								<line number="104" hits="20" branch="false"/>
								<line number="105" hits="20" branch="true" condition-coverage="83% (5/6)">
									<conditions>
										<condition number="0" type="jump" coverage="100%"/>
										<condition number="1" type="jump" coverage="50%"/>
										<condition number="2" type="jump" coverage="100%"/>
									</conditions>
								</line>
								<line number="106" hits="4" branch="false"/>
								<line number="109" hits="2" branch="false"/>
							</lines>
						</method>
						<method name="preprocessing" signature="(Lcc/kave/episodes/model/Episode;)V" line-rate="1.0" branch-rate="1.0" complexity="0">
							<lines>
								<line number="76" hits="4" branch="true" condition-coverage="100% (2/2)">
									<conditions>
										<condition number="0" type="jump" coverage="100%"/>
									</conditions>
								</line>
								<line number="77" hits="3" branch="false"/>
								<line number="78" hits="3" branch="false"/>
								<line number="79" hits="3" branch="false"/>
							</lines>
						</method>
					</methods>
					<lines>
						<line number="19" hits="6" branch="false"/>
						<line number="21" hits="6" branch="false"/>
						<line number="22" hits="6" branch="false"/>
						<line number="23" hits="6" branch="false"/>
						<line number="24" hits="6" branch="false"/>
						<line number="27" hits="3" branch="false"/>
						<line number="28" hits="2" branch="false"/>
						<line number="29" hits="2" branch="false"/>
						<line number="31" hits="2" branch="true" condition-coverage="100% (2/2)">
							<conditions>
								<condition number="0" type="jump" coverage="100%"/>
							</conditions>
						</line>
						<line number="32" hits="4" branch="false"/>
						<line number="33" hits="4" branch="false"/>
						<line number="34" hits="4" branch="true" condition-coverage="100% (2/2)">
							<conditions>
								<condition number="0" type="jump" coverage="100%"/>
							</conditions>
						</line>
						<line number="35" hits="16" branch="false"/>
						<line number="36" hits="16" branch="true" condition-coverage="100% (2/2)">
							<conditions>
								<condition number="0" type="jump" coverage="100%"/>
							</conditions>
						</line>
						<line number="37" hits="12" branch="false"/>
						<line number="39" hits="4" branch="false"/>
						<line number="41" hits="16" branch="false"/>
						<line number="42" hits="4" branch="false"/>
						<line number="43" hits="2" branch="false"/>
						<line number="47" hits="1" branch="false"/>
						<line number="48" hits="1" branch="false"/>
						<line number="49" hits="1" branch="false"/>
						<line number="51" hits="1" branch="true" condition-coverage="100% (2/2)">
							<conditions>
								<condition number="0" type="jump" coverage="100%"/>
							</conditions>
						</line>
						<line number="52" hits="3" branch="false"/>
						<line number="53" hits="3" branch="false"/>
						<line number="54" hits="3" branch="true" condition-coverage="100% (2/2)">
							<conditions>
								<condition number="0" type="jump" coverage="100%"/>
							</conditions>
						</line>
						<line number="55" hits="14" branch="false"/>
						<line number="56" hits="14" branch="false"/>
						<line number="57" hits="14" branch="true" condition-coverage="100% (2/2)">
							<conditions>
								<condition number="0" type="jump" coverage="100%"/>
							</conditions>
						</line>
						<line number="58" hits="11" branch="false"/>
						<line number="60" hits="3" branch="false"/>
						<line number="62" hits="14" branch="false"/>
						<line number="63" hits="3" branch="false"/>
						<line number="64" hits="1" branch="false"/>
						<line number="68" hits="1" branch="false"/>
						<line number="69" hits="4" branch="true" condition-coverage="100% (2/2)">
							<conditions>
								<condition number="0" type="jump" coverage="100%"/>
							</conditions>
						</line>
						<line number="70" hits="3" branch="false"/>
						<line number="72" hits="1" branch="false"/>
						<line number="76" hits="4" branch="true" condition-coverage="100% (2/2)">
							<conditions>
								<condition number="0" type="jump" coverage="100%"/>
							</conditions>
						</line>
						<line number="77" hits="3" branch="false"/>
						<line number="78" hits="3" branch="false"/>
						<line number="79" hits="3" branch="false"/>
						<line number="82" hits="30" branch="false"/>
						<line number="83" hits="30" branch="false"/>
						<line number="84" hits="30" branch="true" condition-coverage="100% (2/2)">
							<conditions>
								<condition number="0" type="jump" coverage="100%"/>
							</conditions>
						</line>
						<line number="85" hits="58" branch="false"/>
						<line number="86" hits="58" branch="false"/>
						<line number="87" hits="58" branch="false"/>
						<line number="89" hits="30" branch="true" condition-coverage="100% (2/2)">
							<conditions>
								<condition number="0" type="jump" coverage="100%"/>
							</conditions>
						</line>
						<line number="90" hits="320" branch="true" condition-coverage="100% (2/2)">
							<conditions>
								<condition number="0" type="jump" coverage="100%"/>
							</conditions>
						</line>
						<line number="91" hits="174" branch="false"/>
						<line number="92" hits="174" branch="true" condition-coverage="100% (4/4)">
							<conditions>
								<condition number="0" type="jump" coverage="100%"/>
								<condition number="1" type="jump" coverage="100%"/>
							</conditions>
						</line>
						<line number="93" hits="12" branch="false"/>
						<line number="96" hits="320" branch="false"/>
						<line number="97" hits="30" branch="false"/>
						<line number="101" hits="2" branch="false"/>
						<line number="103" hits="22" branch="true" condition-coverage="100% (2/2)">
							<conditions>
								<condition number="0" type="jump" coverage="100%"/>
							</conditions>
						</line>
						<line number="104" hits="20" branch="false"/>
						<line number="105" hits="20" branch="true" condition-coverage="83% (5/6)">
							<conditions>
								<condition number="0" type="jump" coverage="100%"/>
								<condition number="1" type="jump" coverage="50%"/>
								<condition number="2" type="jump" coverage="100%"/>
							</conditions>
						</line>
						<line number="106" hits="4" branch="false"/>
						<line number="109" hits="2" branch="false"/>
					</lines>
				</class>
				<class name="cc.kave.episodes.evaluation.queries.QueryStrategyOneByOne" filename="cc/kave/episodes/evaluation/queries/QueryStrategyOneByOne.java" line-rate="0.0" branch-rate="1.0" complexity="1.0">
					<methods>
						<method name="&lt;init&gt;" signature="()V" line-rate="0.0" branch-rate="1.0" complexity="0">
							<lines>
								<line number="8" hits="0" branch="false"/>
								<line number="10" hits="0" branch="false"/>
							</lines>
						</method>
						<method name="generateQuery" signature="(Lcc/kave/episodes/model/PatternWithFreq;)Ljava/util/List;" line-rate="0.0" branch-rate="1.0" complexity="0">
							<lines>
								<line number="21" hits="0" branch="false"/>
								<line number="22" hits="0" branch="false"/>
							</lines>
						</method>
						<method name="getNumberOfEventsToRemove" signature="()I" line-rate="0.0" branch-rate="1.0" complexity="0">
							<lines>
								<line number="17" hits="0" branch="false"/>
							</lines>
						</method>
						<method name="setNumberOfEventsToRemove" signature="(I)V" line-rate="0.0" branch-rate="1.0" complexity="0">
							<lines>
								<line number="13" hits="0" branch="false"/>
								<line number="14" hits="0" branch="false"/>
							</lines>
						</method>
					</methods>
					<lines>
						<line number="8" hits="0" branch="false"/>
						<line number="10" hits="0" branch="false"/>
						<line number="13" hits="0" branch="false"/>
						<line number="14" hits="0" branch="false"/>
						<line number="17" hits="0" branch="false"/>
						<line number="21" hits="0" branch="false"/>
						<line number="22" hits="0" branch="false"/>
					</lines>
				</class>
				<class name="cc.kave.episodes.evaluation.queries.Separator" filename="cc/kave/episodes/evaluation/queries/Separator.java" line-rate="1.0" branch-rate="1.0" complexity="5.666666666666667">
					<methods>
						<method name="&lt;init&gt;" signature="()V" line-rate="1.0" branch-rate="1.0" complexity="0">
							<lines>
								<line number="30" hits="23" branch="false"/>
							</lines>
						</method>
						<method name="getEpisodeBody" signature="(Lcc/kave/episodes/model/Episode;)Ljava/util/Set;" line-rate="1.0" branch-rate="1.0" complexity="0">
							<lines>
								<line number="47" hits="104" branch="true" condition-coverage="100% (2/2)">
									<conditions>
										<condition number="0" type="jump" coverage="100%"/>
									</conditions>
								</line>
								<line number="48" hits="12" branch="false"/>
								<line number="50" hits="92" branch="false"/>
								<line number="51" hits="92" branch="false"/>
								<line number="53" hits="92" branch="true" condition-coverage="100% (2/2)">
									<conditions>
										<condition number="0" type="jump" coverage="100%"/>
									</conditions>
								</line>
								<line number="54" hits="326" branch="true" condition-coverage="100% (2/2)">
									<conditions>
										<condition number="0" type="jump" coverage="100%"/>
									</conditions>
								</line>
								<line number="55" hits="118" branch="true" condition-coverage="100% (2/2)">
									<conditions>
										<condition number="0" type="jump" coverage="100%"/>
									</conditions>
								</line>
								<line number="56" hits="2" branch="false"/>
								<line number="58" hits="208" branch="true" condition-coverage="100% (2/2)">
									<conditions>
										<condition number="0" type="jump" coverage="100%"/>
									</conditions>
								</line>
								<line number="59" hits="116" branch="false"/>
								<line number="61" hits="326" branch="false"/>
								<line number="62" hits="92" branch="false"/>
							</lines>
						</method>
						<method name="getMethodDecl" signature="(Lcc/kave/episodes/model/Episode;)Lcc/kave/episodes/model/events/Fact;" line-rate="1.0" branch-rate="1.0" complexity="0">
							<lines>
								<line number="66" hits="97" branch="false"/>
								<line number="68" hits="97" branch="true" condition-coverage="100% (2/2)">
									<conditions>
										<condition number="0" type="jump" coverage="100%"/>
									</conditions>
								</line>
								<line number="69" hits="366" branch="true" condition-coverage="100% (2/2)">
									<conditions>
										<condition number="0" type="jump" coverage="100%"/>
									</conditions>
								</line>
								<line number="70" hits="139" branch="false"/>
								<line number="71" hits="139" branch="false"/>
								<line number="72" hits="139" branch="true" condition-coverage="100% (2/2)">
									<conditions>
										<condition number="0" type="jump" coverage="100%"/>
									</conditions>
								</line>
								<line number="73" hits="37" branch="false"/>
								<line number="74" hits="37" branch="false"/>
								<line number="75" hits="37" branch="false"/>
								<line number="76" hits="102" branch="false"/>
								<line number="79" hits="366" branch="false"/>
								<line number="81" hits="97" branch="false"/>
								<line number="82" hits="97" branch="true" condition-coverage="100% (2/2)">
									<conditions>
										<condition number="0" type="jump" coverage="100%"/>
									</conditions>
								</line>
								<line number="83" hits="102" branch="true" condition-coverage="100% (2/2)">
									<conditions>
										<condition number="0" type="jump" coverage="100%"/>
									</conditions>
								</line>
								<line number="84" hits="97" branch="false"/>
								<line number="86" hits="102" branch="false"/>
								<line number="87" hits="97" branch="false"/>
							</lines>
						</method>
						<method name="separateFacts" signature="(Lcc/kave/episodes/model/Episode;)Lcc/recommenders/datastructures/Tuple;" line-rate="1.0" branch-rate="1.0" complexity="0">
							<lines>
								<line number="33" hits="6" branch="true" condition-coverage="100% (2/2)">
									<conditions>
										<condition number="0" type="jump" coverage="100%"/>
									</conditions>
								</line>
								<line number="35" hits="5" branch="false"/>
								<line number="37" hits="5" branch="false"/>
								<line number="38" hits="5" branch="true" condition-coverage="100% (2/2)">
									<conditions>
										<condition number="0" type="jump" coverage="100%"/>
									</conditions>
								</line>
								<line number="39" hits="40" branch="true" condition-coverage="100% (4/4)">
									<conditions>
										<condition number="0" type="jump" coverage="100%"/>
										<condition number="1" type="jump" coverage="100%"/>
									</conditions>
								</line>
								<line number="40" hits="14" branch="false"/>
								<line number="42" hits="40" branch="false"/>
								<line number="43" hits="5" branch="false"/>
							</lines>
						</method>
					</methods>
					<lines>
						<line number="30" hits="23" branch="false"/>
						<line number="33" hits="6" branch="true" condition-coverage="100% (2/2)">
							<conditions>
								<condition number="0" type="jump" coverage="100%"/>
							</conditions>
						</line>
						<line number="35" hits="5" branch="false"/>
						<line number="37" hits="5" branch="false"/>
						<line number="38" hits="5" branch="true" condition-coverage="100% (2/2)">
							<conditions>
								<condition number="0" type="jump" coverage="100%"/>
							</conditions>
						</line>
						<line number="39" hits="40" branch="true" condition-coverage="100% (4/4)">
							<conditions>
								<condition number="0" type="jump" coverage="100%"/>
								<condition number="1" type="jump" coverage="100%"/>
							</conditions>
						</line>
						<line number="40" hits="14" branch="false"/>
						<line number="42" hits="40" branch="false"/>
						<line number="43" hits="5" branch="false"/>
						<line number="47" hits="104" branch="true" condition-coverage="100% (2/2)">
							<conditions>
								<condition number="0" type="jump" coverage="100%"/>
							</conditions>
						</line>
						<line number="48" hits="12" branch="false"/>
						<line number="50" hits="92" branch="false"/>
						<line number="51" hits="92" branch="false"/>
						<line number="53" hits="92" branch="true" condition-coverage="100% (2/2)">
							<conditions>
								<condition number="0" type="jump" coverage="100%"/>
							</conditions>
						</line>
						<line number="54" hits="326" branch="true" condition-coverage="100% (2/2)">
							<conditions>
								<condition number="0" type="jump" coverage="100%"/>
							</conditions>
						</line>
						<line number="55" hits="118" branch="true" condition-coverage="100% (2/2)">
							<conditions>
								<condition number="0" type="jump" coverage="100%"/>
							</conditions>
						</line>
						<line number="56" hits="2" branch="false"/>
						<line number="58" hits="208" branch="true" condition-coverage="100% (2/2)">
							<conditions>
								<condition number="0" type="jump" coverage="100%"/>
							</conditions>
						</line>
						<line number="59" hits="116" branch="false"/>
						<line number="61" hits="326" branch="false"/>
						<line number="62" hits="92" branch="false"/>
						<line number="66" hits="97" branch="false"/>
						<line number="68" hits="97" branch="true" condition-coverage="100% (2/2)">
							<conditions>
								<condition number="0" type="jump" coverage="100%"/>
							</conditions>
						</line>
						<line number="69" hits="366" branch="true" condition-coverage="100% (2/2)">
							<conditions>
								<condition number="0" type="jump" coverage="100%"/>
							</conditions>
						</line>
						<line number="70" hits="139" branch="false"/>
						<line number="71" hits="139" branch="false"/>
						<line number="72" hits="139" branch="true" condition-coverage="100% (2/2)">
							<conditions>
								<condition number="0" type="jump" coverage="100%"/>
							</conditions>
						</line>
						<line number="73" hits="37" branch="false"/>
						<line number="74" hits="37" branch="false"/>
						<line number="75" hits="37" branch="false"/>
						<line number="76" hits="102" branch="false"/>
						<line number="79" hits="366" branch="false"/>
						<line number="81" hits="97" branch="false"/>
						<line number="82" hits="97" branch="true" condition-coverage="100% (2/2)">
							<conditions>
								<condition number="0" type="jump" coverage="100%"/>
							</conditions>
						</line>
						<line number="83" hits="102" branch="true" condition-coverage="100% (2/2)">
							<conditions>
								<condition number="0" type="jump" coverage="100%"/>
							</conditions>
						</line>
						<line number="84" hits="97" branch="false"/>
						<line number="86" hits="102" branch="false"/>
						<line number="87" hits="97" branch="false"/>
					</lines>
				</class>
				<class name="cc.kave.episodes.evaluation.queries.SubsetsGenerator" filename="cc/kave/episodes/evaluation/queries/SubsetsGenerator.java" line-rate="1.0" branch-rate="1.0" complexity="2.5">
					<methods>
						<method name="&lt;init&gt;" signature="()V" line-rate="1.0" branch-rate="1.0" complexity="0">
							<lines>
								<line number="31" hits="13" branch="false"/>
							</lines>
						</method>
						<method name="generateSubsets" signature="(Ljava/util/Set;II)Ljava/util/Set;" line-rate="1.0" branch-rate="1.0" complexity="0">
							<lines>
								<line number="34" hits="14" branch="true" condition-coverage="100% (2/2)">
									<conditions>
										<condition number="0" type="jump" coverage="100%"/>
									</conditions>
								</line>
								<line number="35" hits="12" branch="true" condition-coverage="100% (2/2)">
									<conditions>
										<condition number="0" type="jump" coverage="100%"/>
									</conditions>
								</line>
								<line number="37" hits="10" branch="false"/>
								<line number="38" hits="10" branch="false"/>
								<line number="39" hits="10" branch="false"/>
								<line number="40" hits="10" branch="false"/>
							</lines>
						</method>
						<method name="getSubsets" signature="(Ljava/util/List;I)Ljava/util/List;" line-rate="1.0" branch-rate="1.0" complexity="0">
							<lines>
								<line number="73" hits="10" branch="false"/>
								<line number="74" hits="10" branch="false"/>
								<line number="75" hits="10" branch="false"/>
							</lines>
						</method>
						<method name="getSubsets" signature="(Ljava/util/List;IILjava/util/Set;Ljava/util/List;)V" line-rate="1.0" branch-rate="1.0" complexity="0">
							<lines>
								<line number="80" hits="182" branch="true" condition-coverage="100% (2/2)">
									<conditions>
										<condition number="0" type="jump" coverage="100%"/>
									</conditions>
								</line>
								<line number="81" hits="44" branch="false"/>
								<line number="82" hits="44" branch="false"/>
								<line number="85" hits="138" branch="true" condition-coverage="100% (2/2)">
									<conditions>
										<condition number="0" type="jump" coverage="100%"/>
									</conditions>
								</line>
								<line number="86" hits="86" branch="false"/>
								<line number="87" hits="86" branch="false"/>
								<line number="89" hits="86" branch="false"/>
								<line number="90" hits="86" branch="false"/>
								<line number="92" hits="86" branch="false"/>
								<line number="93" hits="86" branch="false"/>
							</lines>
						</method>
						<method name="limitQueries" signature="(Ljava/util/List;I)Ljava/util/Set;" line-rate="1.0" branch-rate="1.0" complexity="0">
							<lines>
								<line number="44" hits="10" branch="true" condition-coverage="100% (2/2)">
									<conditions>
										<condition number="0" type="jump" coverage="100%"/>
									</conditions>
								</line>
								<line number="45" hits="9" branch="false"/>
								<line number="47" hits="1" branch="false"/>
								<line number="48" hits="1" branch="false"/>
								<line number="49" hits="9" branch="true" condition-coverage="100% (2/2)">
									<conditions>
										<condition number="0" type="jump" coverage="100%"/>
									</conditions>
								</line>
								<line number="50" hits="8" branch="false"/>
								<line number="51" hits="8" branch="false"/>
								<line number="52" hits="8" branch="false"/>
								<line number="53" hits="1" branch="false"/>
							</lines>
						</method>
						<method name="listofsetsToSetofsets" signature="(Ljava/util/List;)Ljava/util/Set;" line-rate="1.0" branch-rate="1.0" complexity="0">
							<lines>
								<line number="57" hits="9" branch="false"/>
								<line number="58" hits="9" branch="true" condition-coverage="100% (2/2)">
									<conditions>
										<condition number="0" type="jump" coverage="100%"/>
									</conditions>
								</line>
								<line number="59" hits="38" branch="false"/>
								<line number="60" hits="38" branch="false"/>
								<line number="61" hits="9" branch="false"/>
							</lines>
						</method>
						<method name="setToListConverter" signature="(Ljava/util/Set;)Ljava/util/List;" line-rate="1.0" branch-rate="1.0" complexity="0">
							<lines>
								<line number="65" hits="10" branch="false"/>
								<line number="66" hits="10" branch="true" condition-coverage="100% (2/2)">
									<conditions>
										<condition number="0" type="jump" coverage="100%"/>
									</conditions>
								</line>
								<line number="67" hits="38" branch="false"/>
								<line number="68" hits="38" branch="false"/>
								<line number="69" hits="10" branch="false"/>
							</lines>
						</method>
					</methods>
					<lines>
						<line number="31" hits="13" branch="false"/>
						<line number="34" hits="14" branch="true" condition-coverage="100% (2/2)">
							<conditions>
								<condition number="0" type="jump" coverage="100%"/>
							</conditions>
						</line>
						<line number="35" hits="12" branch="true" condition-coverage="100% (2/2)">
							<conditions>
								<condition number="0" type="jump" coverage="100%"/>
							</conditions>
						</line>
						<line number="37" hits="10" branch="false"/>
						<line number="38" hits="10" branch="false"/>
						<line number="39" hits="10" branch="false"/>
						<line number="40" hits="10" branch="false"/>
						<line number="44" hits="10" branch="true" condition-coverage="100% (2/2)">
							<conditions>
								<condition number="0" type="jump" coverage="100%"/>
							</conditions>
						</line>
						<line number="45" hits="9" branch="false"/>
						<line number="47" hits="1" branch="false"/>
						<line number="48" hits="1" branch="false"/>
						<line number="49" hits="9" branch="true" condition-coverage="100% (2/2)">
							<conditions>
								<condition number="0" type="jump" coverage="100%"/>
							</conditions>
						</line>
						<line number="50" hits="8" branch="false"/>
						<line number="51" hits="8" branch="false"/>
						<line number="52" hits="8" branch="false"/>
						<line number="53" hits="1" branch="false"/>
						<line number="57" hits="9" branch="false"/>
						<line number="58" hits="9" branch="true" condition-coverage="100% (2/2)">
							<conditions>
								<condition number="0" type="jump" coverage="100%"/>
							</conditions>
						</line>
						<line number="59" hits="38" branch="false"/>
						<line number="60" hits="38" branch="false"/>
						<line number="61" hits="9" branch="false"/>
						<line number="65" hits="10" branch="false"/>
						<line number="66" hits="10" branch="true" condition-coverage="100% (2/2)">
							<conditions>
								<condition number="0" type="jump" coverage="100%"/>
							</conditions>
						</line>
						<line number="67" hits="38" branch="false"/>
						<line number="68" hits="38" branch="false"/>
						<line number="69" hits="10" branch="false"/>
						<line number="73" hits="10" branch="false"/>
						<line number="74" hits="10" branch="false"/>
						<line number="75" hits="10" branch="false"/>
						<line number="80" hits="182" branch="true" condition-coverage="100% (2/2)">
							<conditions>
								<condition number="0" type="jump" coverage="100%"/>
							</conditions>
						</line>
						<line number="81" hits="44" branch="false"/>
						<line number="82" hits="44" branch="false"/>
						<line number="85" hits="138" branch="true" condition-coverage="100% (2/2)">
							<conditions>
								<condition number="0" type="jump" coverage="100%"/>
							</conditions>
						</line>
						<line number="86" hits="86" branch="false"/>
						<line number="87" hits="86" branch="false"/>
						<line number="89" hits="86" branch="false"/>
						<line number="90" hits="86" branch="false"/>
						<line number="92" hits="86" branch="false"/>
						<line number="93" hits="86" branch="false"/>
					</lines>
				</class>
			</classes>
		</package>
		<package name="cc.kave.episodes.export" line-rate="0.6120092378752887" branch-rate="0.6168831168831169" complexity="2.396551724137931">
			<classes>
				<class name="cc.kave.episodes.export.EventStreamGenerator" filename="cc/kave/episodes/export/EventStreamGenerator.java" line-rate="1.0" branch-rate="1.0" complexity="3.0">
					<methods>
						<method name="&lt;init&gt;" signature="()V" line-rate="1.0" branch-rate="1.0" complexity="0">
							<lines>
								<line number="38" hits="19" branch="false"/>
							</lines>
						</method>
						<method name="access$100" signature="(Lcc/kave/episodes/export/EventStreamGenerator;)Ljava/util/List;" line-rate="1.0" branch-rate="1.0" complexity="0">
							<lines>
								<line number="36" hits="99" branch="false"/>
							</lines>
						</method>
						<method name="add" signature="(Lcc/kave/commons/model/events/completionevents/Context;)V" line-rate="1.0" branch-rate="1.0" complexity="0">
							<lines>
								<line number="41" hits="24" branch="false"/>
								<line number="42" hits="24" branch="true" condition-coverage="100% (2/2)">
									<conditions>
										<condition number="0" type="jump" coverage="100%"/>
									</conditions>
								</line>
								<line number="43" hits="3" branch="false"/>
								<line number="44" hits="3" branch="true" condition-coverage="100% (4/4)">
									<conditions>
										<condition number="0" type="jump" coverage="100%"/>
										<condition number="1" type="jump" coverage="100%"/>
									</conditions>
								</line>
								<line number="45" hits="1" branch="false"/>
								<line number="47" hits="3" branch="false"/>
								<line number="48" hits="21" branch="false"/>
								<line number="50" hits="24" branch="false"/>
							</lines>
						</method>
						<method name="getEventStream" signature="()Ljava/util/List;" line-rate="1.0" branch-rate="1.0" complexity="0">
							<lines>
								<line number="53" hits="19" branch="false"/>
							</lines>
						</method>
					</methods>
					<lines>
						<line number="36" hits="99" branch="false"/>
						<line number="38" hits="19" branch="false"/>
						<line number="41" hits="24" branch="false"/>
						<line number="42" hits="24" branch="true" condition-coverage="100% (2/2)">
							<conditions>
								<condition number="0" type="jump" coverage="100%"/>
							</conditions>
						</line>
						<line number="43" hits="3" branch="false"/>
						<line number="44" hits="3" branch="true" condition-coverage="100% (4/4)">
							<conditions>
								<condition number="0" type="jump" coverage="100%"/>
								<condition number="1" type="jump" coverage="100%"/>
							</conditions>
						</line>
						<line number="45" hits="1" branch="false"/>
						<line number="47" hits="3" branch="false"/>
						<line number="48" hits="21" branch="false"/>
						<line number="50" hits="24" branch="false"/>
						<line number="53" hits="19" branch="false"/>
					</lines>
				</class>
				<class name="cc.kave.episodes.export.EventStreamGenerator$1" filename="cc/kave/episodes/export/EventStreamGenerator.java" line-rate="1.0" branch-rate="1.0" complexity="3.0">
					<methods>
					</methods>
					<lines>
					</lines>
				</class>
				<class name="cc.kave.episodes.export.EventStreamGenerator$EventStreamGenerationVisitor" filename="cc/kave/episodes/export/EventStreamGenerator.java" line-rate="0.9705882352941176" branch-rate="1.0" complexity="3.0">
					<methods>
						<method name="&lt;init&gt;" signature="(Lcc/kave/episodes/export/EventStreamGenerator;)V" line-rate="1.0" branch-rate="1.0" complexity="0">
							<lines>
							</lines>
						</method>
						<method name="&lt;init&gt;" signature="(Lcc/kave/episodes/export/EventStreamGenerator;Lcc/kave/episodes/export/EventStreamGenerator$1;)V" line-rate="1.0" branch-rate="1.0" complexity="0">
							<lines>
								<line number="56" hits="109" branch="false"/>
							</lines>
						</method>
						<method name="addEnclosingMethodIfAvailable" signature="()V" line-rate="1.0" branch-rate="1.0" complexity="0">
							<lines>
								<line number="133" hits="34" branch="true" condition-coverage="100% (2/2)">
									<conditions>
										<condition number="0" type="jump" coverage="100%"/>
									</conditions>
								</line>
								<line number="134" hits="21" branch="false"/>
								<line number="135" hits="21" branch="false"/>
								<line number="137" hits="34" branch="true" condition-coverage="100% (2/2)">
									<conditions>
										<condition number="0" type="jump" coverage="100%"/>
									</conditions>
								</line>
								<line number="138" hits="21" branch="false"/>
								<line number="139" hits="21" branch="true" condition-coverage="100% (2/2)">
									<conditions>
										<condition number="0" type="jump" coverage="100%"/>
									</conditions>
								</line>
								<line number="140" hits="4" branch="false"/>
								<line number="142" hits="21" branch="false"/>
								<line number="144" hits="34" branch="true" condition-coverage="100% (2/2)">
									<conditions>
										<condition number="0" type="jump" coverage="100%"/>
									</conditions>
								</line>
								<line number="145" hits="21" branch="false"/>
								<line number="146" hits="21" branch="false"/>
								<line number="148" hits="34" branch="false"/>
							</lines>
						</method>
						<method name="shouldInclude" signature="(Lcc/kave/commons/model/naming/codeelements/IMethodName;)Z" line-rate="1.0" branch-rate="1.0" complexity="0">
							<lines>
								<line number="109" hits="36" branch="true" condition-coverage="100% (2/2)">
									<conditions>
										<condition number="0" type="jump" coverage="100%"/>
									</conditions>
								</line>
								<line number="110" hits="2" branch="false"/>
[...]
							</conditions>
						</line>
						<line number="164" hits="0" branch="false"/>
						<line number="165" hits="0" branch="false"/>
						<line number="166" hits="0" branch="false"/>
						<line number="170" hits="0" branch="false"/>
						<line number="172" hits="0" branch="true" condition-coverage="0% (0/2)">
							<conditions>
								<condition number="0" type="jump" coverage="0%"/>
							</conditions>
						</line>
						<line number="173" hits="0" branch="false"/>
						<line number="174" hits="0" branch="false"/>
						<line number="175" hits="0" branch="false"/>
						<line number="179" hits="0" branch="false"/>
						<line number="181" hits="0" branch="true" condition-coverage="0% (0/2)">
							<conditions>
								<condition number="0" type="jump" coverage="0%"/>
							</conditions>
						</line>
						<line number="182" hits="0" branch="false"/>
						<line number="183" hits="0" branch="false"/>
						<line number="184" hits="0" branch="true" condition-coverage="0% (0/2)">
							<conditions>
								<condition number="0" type="jump" coverage="0%"/>
							</conditions>
						</line>
						<line number="185" hits="0" branch="false"/>
						<line number="187" hits="0" branch="false"/>
						<line number="189" hits="0" branch="false"/>
						<line number="190" hits="0" branch="false"/>
						<line number="194" hits="0" branch="false"/>
						<line number="196" hits="0" branch="true" condition-coverage="0% (0/2)">
							<conditions>
								<condition number="0" type="jump" coverage="0%"/>
							</conditions>
						</line>
						<line number="197" hits="0" branch="false"/>
						<line number="198" hits="0" branch="false"/>
						<line number="199" hits="0" branch="true" condition-coverage="0% (0/2)">
							<conditions>
								<condition number="0" type="jump" coverage="0%"/>
							</conditions>
						</line>
						<line number="200" hits="0" branch="false"/>
						<line number="202" hits="0" branch="false"/>
						<line number="204" hits="0" branch="false"/>
						<line number="205" hits="0" branch="true" condition-coverage="0% (0/2)">
							<conditions>
								<condition number="0" type="jump" coverage="0%"/>
							</conditions>
						</line>
						<line number="206" hits="0" branch="true" condition-coverage="0% (0/2)">
							<conditions>
								<condition number="0" type="jump" coverage="0%"/>
							</conditions>
						</line>
						<line number="207" hits="0" branch="false"/>
						<line number="209" hits="0" branch="false"/>
						<line number="210" hits="0" branch="false"/>
						<line number="214" hits="0" branch="false"/>
						<line number="215" hits="0" branch="false"/>
						<line number="217" hits="0" branch="true" condition-coverage="0% (0/2)">
							<conditions>
								<condition number="0" type="jump" coverage="0%"/>
							</conditions>
						</line>
						<line number="218" hits="0" branch="true" condition-coverage="0% (0/2)">
							<conditions>
								<condition number="0" type="jump" coverage="0%"/>
							</conditions>
						</line>
						<line number="219" hits="0" branch="false"/>
						<line number="221" hits="0" branch="false"/>
						<line number="222" hits="0" branch="false"/>
						<line number="226" hits="0" branch="false"/>
						<line number="227" hits="0" branch="false"/>
						<line number="229" hits="0" branch="true" condition-coverage="0% (0/2)">
							<conditions>
								<condition number="0" type="jump" coverage="0%"/>
							</conditions>
						</line>
						<line number="230" hits="0" branch="true" condition-coverage="0% (0/2)">
							<conditions>
								<condition number="0" type="jump" coverage="0%"/>
							</conditions>
						</line>
						<line number="231" hits="0" branch="false"/>
						<line number="233" hits="0" branch="false"/>
						<line number="234" hits="0" branch="false"/>
						<line number="238" hits="0" branch="false"/>
						<line number="239" hits="0" branch="false"/>
						<line number="240" hits="0" branch="false"/>
						<line number="242" hits="0" branch="false"/>
						<line number="243" hits="0" branch="false"/>
						<line number="244" hits="0" branch="false"/>
						<line number="248" hits="0" branch="false"/>
						<line number="249" hits="0" branch="false"/>
						<line number="250" hits="0" branch="false"/>
						<line number="252" hits="0" branch="true" condition-coverage="0% (0/2)">
							<conditions>
								<condition number="0" type="jump" coverage="0%"/>
							</conditions>
						</line>
						<line number="253" hits="0" branch="true" condition-coverage="0% (0/2)">
							<conditions>
								<condition number="0" type="jump" coverage="0%"/>
							</conditions>
						</line>
						<line number="254" hits="0" branch="false"/>
						<line number="256" hits="0" branch="false"/>
						<line number="257" hits="0" branch="false"/>
						<line number="261" hits="0" branch="false"/>
					</lines>
				</class>
			</classes>
		</package>
		<package name="cc.kave.episodes.statistics" line-rate="1.0" branch-rate="0.925" complexity="4.0">
			<classes>
				<class name="cc.kave.episodes.statistics.EpisodesStatistics" filename="cc/kave/episodes/statistics/EpisodesStatistics.java" line-rate="1.0" branch-rate="0.9333333333333333" complexity="4.2">
					<methods>
						<method name="&lt;init&gt;" signature="()V" line-rate="1.0" branch-rate="1.0" complexity="0">
							<lines>
								<line number="27" hits="12" branch="false"/>
							</lines>
						</method>
						<method name="bidirectEpisodes" signature="(Ljava/util/Set;I)Ljava/util/Map;" line-rate="1.0" branch-rate="0.9" complexity="0">
							<lines>
								<line number="64" hits="7" branch="false"/>
								<line number="66" hits="7" branch="true" condition-coverage="100% (2/2)">
									<conditions>
										<condition number="0" type="jump" coverage="100%"/>
									</conditions>
								</line>
								<line number="67" hits="20" branch="true" condition-coverage="100% (2/2)">
									<conditions>
										<condition number="0" type="jump" coverage="100%"/>
									</conditions>
								</line>
								<line number="68" hits="8" branch="false"/>
								<line number="70" hits="12" branch="false"/>
								<line number="71" hits="12" branch="false"/>
								<line number="72" hits="12" branch="false"/>
								<line number="73" hits="12" branch="false"/>
								<line number="75" hits="12" branch="true" condition-coverage="50% (1/2)">
									<conditions>
										<condition number="0" type="jump" coverage="50%"/>
									</conditions>
								</line>
								<line number="76" hits="8512" branch="true" condition-coverage="100% (2/2)">
									<conditions>
										<condition number="0" type="jump" coverage="100%"/>
									</conditions>
								</line>
								<line number="77" hits="8500" branch="false"/>
								<line number="78" hits="8500" branch="true" condition-coverage="100% (2/2)">
									<conditions>
										<condition number="0" type="jump" coverage="100%"/>
									</conditions>
								</line>
								<line number="79" hits="6" branch="false"/>
								<line number="80" hits="6" branch="false"/>
								<line number="84" hits="12" branch="false"/>
								<line number="85" hits="7" branch="false"/>
							</lines>
						</method>
						<method name="freqsEpisodes" signature="(Ljava/util/Set;)Ljava/util/Map;" line-rate="1.0" branch-rate="1.0" complexity="0">
							<lines>
								<line number="32" hits="7" branch="false"/>
								<line number="34" hits="7" branch="true" condition-coverage="100% (2/2)">
									<conditions>
										<condition number="0" type="jump" coverage="100%"/>
									</conditions>
								</line>
								<line number="35" hits="20" branch="false"/>
								<line number="36" hits="20" branch="false"/>
								<line number="37" hits="20" branch="false"/>
								<line number="39" hits="20" branch="true" condition-coverage="100% (2/2)">
									<conditions>
										<condition number="0" type="jump" coverage="100%"/>
									</conditions>
								</line>
								<line number="40" hits="32" branch="true" condition-coverage="100% (2/2)">
									<conditions>
										<condition number="0" type="jump" coverage="100%"/>
									</conditions>
								</line>
								<line number="41" hits="20" branch="true" condition-coverage="100% (2/2)">
									<conditions>
										<condition number="0" type="jump" coverage="100%"/>
									</conditions>
								</line>
								<line number="42" hits="14" branch="false"/>
								<line number="43" hits="14" branch="false"/>
								<line number="47" hits="20" branch="false"/>
								<line number="48" hits="7" branch="false"/>
							</lines>
						</method>
						<method name="initBd" signature="(Ljava/util/Set;I)Ljava/util/Map;" line-rate="1.0" branch-rate="0.8333333333333334" complexity="0">
							<lines>
								<line number="97" hits="7" branch="false"/>
								<line number="99" hits="7" branch="true" condition-coverage="100% (2/2)">
									<conditions>
										<condition number="0" type="jump" coverage="100%"/>
									</conditions>
								</line>
								<line number="100" hits="20" branch="false"/>
								<line number="101" hits="20" branch="true" condition-coverage="100% (2/2)">
									<conditions>
										<condition number="0" type="jump" coverage="100%"/>
									</conditions>
								</line>
								<line number="102" hits="8" branch="false"/>
								<line number="104" hits="12" branch="false"/>
								<line number="105" hits="12" branch="false"/>
								<line number="106" hits="12" branch="true" condition-coverage="50% (1/2)">
									<conditions>
										<condition number="0" type="jump" coverage="50%"/>
									</conditions>
								</line>
								<line number="107" hits="12" branch="false"/>
								<line number="109" hits="12" branch="false"/>
								<line number="110" hits="7" branch="false"/>
							</lines>
						</method>
						<method name="initFreqs" signature="(Ljava/util/Set;)Ljava/util/Map;" line-rate="1.0" branch-rate="1.0" complexity="0">
							<lines>
								<line number="52" hits="7" branch="false"/>
								<line number="54" hits="7" branch="true" condition-coverage="100% (2/2)">
									<conditions>
										<condition number="0" type="jump" coverage="100%"/>
									</conditions>
								</line>
								<line number="55" hits="20" branch="false"/>
								<line number="56" hits="20" branch="true" condition-coverage="100% (2/2)">
									<conditions>
										<condition number="0" type="jump" coverage="100%"/>
									</conditions>
								</line>
								<line number="57" hits="15" branch="false"/>
								<line number="59" hits="20" branch="false"/>
								<line number="60" hits="7" branch="false"/>
							</lines>
						</method>
						<method name="valid" signature="(Lcc/kave/episodes/model/Episode;I)Z" line-rate="1.0" branch-rate="1.0" complexity="0">
							<lines>
								<line number="89" hits="20" branch="false"/>
								<line number="90" hits="20" branch="true" condition-coverage="100% (2/2)">
									<conditions>
										<condition number="0" type="jump" coverage="100%"/>
									</conditions>
								</line>
								<line number="91" hits="12" branch="false"/>
								<line number="93" hits="8" branch="false"/>
							</lines>
						</method>
					</methods>
					<lines>
						<line number="27" hits="12" branch="false"/>
						<line number="32" hits="7" branch="false"/>
						<line number="34" hits="7" branch="true" condition-coverage="100% (2/2)">
							<conditions>
								<condition number="0" type="jump" coverage="100%"/>
							</conditions>
						</line>
						<line number="35" hits="20" branch="false"/>
						<line number="36" hits="20" branch="false"/>
						<line number="37" hits="20" branch="false"/>
						<line number="39" hits="20" branch="true" condition-coverage="100% (2/2)">
							<conditions>
								<condition number="0" type="jump" coverage="100%"/>
							</conditions>
						</line>
						<line number="40" hits="32" branch="true" condition-coverage="100% (2/2)">
							<conditions>
								<condition number="0" type="jump" coverage="100%"/>
							</conditions>
						</line>
						<line number="41" hits="20" branch="true" condition-coverage="100% (2/2)">
							<conditions>
								<condition number="0" type="jump" coverage="100%"/>
							</conditions>
						</line>
						<line number="42" hits="14" branch="false"/>
						<line number="43" hits="14" branch="false"/>
						<line number="47" hits="20" branch="false"/>
						<line number="48" hits="7" branch="false"/>
						<line number="52" hits="7" branch="false"/>
						<line number="54" hits="7" branch="true" condition-coverage="100% (2/2)">
							<conditions>
								<condition number="0" type="jump" coverage="100%"/>
							</conditions>
						</line>
						<line number="55" hits="20" branch="false"/>
						<line number="56" hits="20" branch="true" condition-coverage="100% (2/2)">
							<conditions>
								<condition number="0" type="jump" coverage="100%"/>
							</conditions>
						</line>
						<line number="57" hits="15" branch="false"/>
						<line number="59" hits="20" branch="false"/>
						<line number="60" hits="7" branch="false"/>
						<line number="64" hits="7" branch="false"/>
						<line number="66" hits="7" branch="true" condition-coverage="100% (2/2)">
							<conditions>
								<condition number="0" type="jump" coverage="100%"/>
							</conditions>
						</line>
						<line number="67" hits="20" branch="true" condition-coverage="100% (2/2)">
							<conditions>
								<condition number="0" type="jump" coverage="100%"/>
							</conditions>
						</line>
						<line number="68" hits="8" branch="false"/>
						<line number="70" hits="12" branch="false"/>
						<line number="71" hits="12" branch="false"/>
						<line number="72" hits="12" branch="false"/>
						<line number="73" hits="12" branch="false"/>
						<line number="75" hits="12" branch="true" condition-coverage="50% (1/2)">
							<conditions>
								<condition number="0" type="jump" coverage="50%"/>
							</conditions>
						</line>
						<line number="76" hits="8512" branch="true" condition-coverage="100% (2/2)">
							<conditions>
								<condition number="0" type="jump" coverage="100%"/>
							</conditions>
						</line>
						<line number="77" hits="8500" branch="false"/>
						<line number="78" hits="8500" branch="true" condition-coverage="100% (2/2)">
							<conditions>
								<condition number="0" type="jump" coverage="100%"/>
							</conditions>
						</line>
						<line number="79" hits="6" branch="false"/>
						<line number="80" hits="6" branch="false"/>
						<line number="84" hits="12" branch="false"/>
						<line number="85" hits="7" branch="false"/>
						<line number="89" hits="20" branch="false"/>
						<line number="90" hits="20" branch="true" condition-coverage="100% (2/2)">
							<conditions>
								<condition number="0" type="jump" coverage="100%"/>
							</conditions>
						</line>
						<line number="91" hits="12" branch="false"/>
						<line number="93" hits="8" branch="false"/>
						<line number="97" hits="7" branch="false"/>
						<line number="99" hits="7" branch="true" condition-coverage="100% (2/2)">
							<conditions>
								<condition number="0" type="jump" coverage="100%"/>
							</conditions>
						</line>
						<line number="100" hits="20" branch="false"/>
						<line number="101" hits="20" branch="true" condition-coverage="100% (2/2)">
							<conditions>
								<condition number="0" type="jump" coverage="100%"/>
							</conditions>
						</line>
						<line number="102" hits="8" branch="false"/>
						<line number="104" hits="12" branch="false"/>
						<line number="105" hits="12" branch="false"/>
						<line number="106" hits="12" branch="true" condition-coverage="50% (1/2)">
							<conditions>
								<condition number="0" type="jump" coverage="50%"/>
							</conditions>
						</line>
						<line number="107" hits="12" branch="false"/>
						<line number="109" hits="12" branch="false"/>
						<line number="110" hits="7" branch="false"/>
					</lines>
				</class>
				<class name="cc.kave.episodes.statistics.StreamStatistics" filename="cc/kave/episodes/statistics/StreamStatistics.java" line-rate="1.0" branch-rate="0.9" complexity="3.5">
					<methods>
						<method name="&lt;init&gt;" signature="()V" line-rate="1.0" branch-rate="1.0" complexity="0">
							<lines>
								<line number="26" hits="3" branch="false"/>
							</lines>
						</method>
						<method name="getFrequencies" signature="(Ljava/util/List;)Ljava/util/Map;" line-rate="1.0" branch-rate="1.0" complexity="0">
							<lines>
								<line number="42" hits="6" branch="false"/>
								<line number="44" hits="6" branch="true" condition-coverage="100% (2/2)">
									<conditions>
										<condition number="0" type="jump" coverage="100%"/>
									</conditions>
								</line>
								<line number="45" hits="70" branch="true" condition-coverage="100% (2/2)">
									<conditions>
										<condition number="0" type="jump" coverage="100%"/>
									</conditions>
								</line>
								<line number="46" hits="19" branch="false"/>
								<line number="47" hits="19" branch="false"/>
								<line number="48" hits="19" branch="false"/>
								<line number="49" hits="51" branch="false"/>
								<line number="51" hits="70" branch="false"/>
								<line number="52" hits="6" branch="false"/>
							</lines>
						</method>
						<method name="minFreq" signature="(Ljava/util/Map;)I" line-rate="1.0" branch-rate="0.8333333333333334" complexity="0">
							<lines>
								<line number="29" hits="1" branch="false"/>
								<line number="31" hits="1" branch="true" condition-coverage="100% (2/2)">
									<conditions>
										<condition number="0" type="jump" coverage="100%"/>
									</conditions>
								</line>
								<line number="32" hits="5" branch="false"/>
								<line number="34" hits="5" branch="true" condition-coverage="75% (3/4)">
									<conditions>
										<condition number="0" type="jump" coverage="50%"/>
										<condition number="1" type="jump" coverage="100%"/>
									</conditions>
								</line>
								<line number="35" hits="1" branch="false"/>
								<line number="37" hits="5" branch="false"/>
								<line number="38" hits="1" branch="false"/>
							</lines>
						</method>
					</methods>
					<lines>
						<line number="26" hits="3" branch="false"/>
						<line number="29" hits="1" branch="false"/>
						<line number="31" hits="1" branch="true" condition-coverage="100% (2/2)">
							<conditions>
								<condition number="0" type="jump" coverage="100%"/>
							</conditions>
						</line>
						<line number="32" hits="5" branch="false"/>
						<line number="34" hits="5" branch="true" condition-coverage="75% (3/4)">
							<conditions>
								<condition number="0" type="jump" coverage="50%"/>
								<condition number="1" type="jump" coverage="100%"/>
							</conditions>
						</line>
						<line number="35" hits="1" branch="false"/>
						<line number="37" hits="5" branch="false"/>
						<line number="38" hits="1" branch="false"/>
						<line number="42" hits="6" branch="false"/>
						<line number="44" hits="6" branch="true" condition-coverage="100% (2/2)">
							<conditions>
								<condition number="0" type="jump" coverage="100%"/>
							</conditions>
						</line>
						<line number="45" hits="70" branch="true" condition-coverage="100% (2/2)">
							<conditions>
								<condition number="0" type="jump" coverage="100%"/>
							</conditions>
						</line>
						<line number="46" hits="19" branch="false"/>
						<line number="47" hits="19" branch="false"/>
						<line number="48" hits="19" branch="false"/>
						<line number="49" hits="51" branch="false"/>
						<line number="51" hits="70" branch="false"/>
						<line number="52" hits="6" branch="false"/>
					</lines>
				</class>
			</classes>
		</package>
	</packages>
</coverage>
