<?xml version="1.0" encoding="UTF-8" ?>
<testsuite tests="5" failures="0" name="cc.kave.episodes.export.ThresholdsBidirectionalTest" time="0.17" errors="0" skipped="0">
  <properties>
[...]
</properties>
  <testcase classname="cc.kave.episodes.export.ThresholdsBidirectionalTest" name="filesAreCreated" time="0.059"/>
  <testcase classname="cc.kave.episodes.export.ThresholdsBidirectionalTest" name="cannotBeInitializedWithNonExistingFolder" time="0.004"/>
  <testcase classname="cc.kave.episodes.export.ThresholdsBidirectionalTest" name="contentTest" time="0.091"/>
  <testcase classname="cc.kave.episodes.export.ThresholdsBidirectionalTest" name="mockIsCalled" time="0.013"/>
  <testcase classname="cc.kave.episodes.export.ThresholdsBidirectionalTest" name="cannotBeInitializedWithFile" time="0.003"/>
</testsuite>